#
# There is insufficient memory for the Java Runtime Environment to continue.
# Native memory allocation (malloc) failed to allocate 12341080 bytes. Error detail: Chunk::new
# Possible reasons:
#   The system is out of physical RAM or swap space
#   This process is running with CompressedOops enabled, and the Java Heap may be blocking the growth of the native heap
# Possible solutions:
#   Reduce memory load on the system
#   Increase physical memory or swap space
#   Check if swap backing store is full
#   Decrease Java heap size (-Xmx/-Xms)
#   Decrease number of Java threads
#   Decrease Java thread stack sizes (-Xss)
#   Set larger code cache with -XX:ReservedCodeCacheSize=
#   JVM is running with Zero Based Compressed Oops mode in which the Java heap is
#     placed in the first 32GB address space. The Java Heap base address is the
#     maximum limit for the native heap growth. Please use -XX:HeapBaseMinAddress
#     to set the Java Heap base and to place the Java Heap above 32GB virtual address.
# This output file may be truncated or incomplete.
#
#  Out of Memory Error (arena.cpp:186), pid=18156, tid=16892
#
# JRE version: OpenJDK Runtime Environment JBR-25.0.2+1-329.72-jcef (25.0.2+1) (build 25.0.2+1-b329.72)
# Java VM: OpenJDK 64-Bit Server VM JBR-25.0.2+1-329.72-jcef (25.0.2+1-b329.72, mixed mode, sharing, tiered, compressed oops, compressed class ptrs, g1 gc, windows-amd64)
# No core dump will be written. Minidumps are not enabled by default on client versions of Windows
#

---------------  S U M M A R Y ------------

Command Line: git4idea.http.GitAskPassApp Username for 'https://github.com': 

Host: 11th Gen Intel(R) Core(TM) i5-1155G7 @ 2.50GHz, 8 cores, 15G,  Windows 11 , 64 bit Build 26100 (10.0.26100.8246)
Time: Wed May 13 18:06:20 2026 India Standard Time elapsed time: 4.874857 seconds (0d 0h 0m 4s)

---------------  T H R E A D  ---------------

Current thread (0x0000013b174f19a0):  JavaThread "C2 CompilerThread0" daemon [_thread_in_native, id=16892, stack(0x0000000370200000,0x0000000370300000) (1024K)]


Current CompileTask:
C2:4874 1008       4       sun.security.ec.ECOperations::setDouble (463 bytes)

Stack: [0x0000000370200000,0x0000000370300000]
Native frames: (J=compiled Java code, j=interpreted, Vv=VM code, C=native code)
V  [jvm.dll+0x7c0b19]  (no source info available)
V  [jvm.dll+0x78a2ed]  (no source info available)
V  [jvm.dll+0xa0e563]  (no source info available)
V  [jvm.dll+0xa10d5c]  (no source info available)
V  [jvm.dll+0xa11453]  (no source info available)
V  [jvm.dll+0x307b86]  (no source info available)
V  [jvm.dll+0x114676]  (no source info available)
V  [jvm.dll+0x1149a6]  (no source info available)
V  [jvm.dll+0x1a9144]  (no source info available)
V  [jvm.dll+0x3c1142]  (no source info available)
V  [jvm.dll+0x7c6488]  (no source info available)
V  [jvm.dll+0x2c9ce7]  (no source info available)
V  [jvm.dll+0x2c8c5b]  (no source info available)
V  [jvm.dll+0x240590]  (no source info available)
V  [jvm.dll+0x2d8ce4]  (no source info available)
V  [jvm.dll+0x2d6f0b]  (no source info available)
V  [jvm.dll+0x49dbb5]  (no source info available)
V  [jvm.dll+0x9ae45d]  (no source info available)
V  [jvm.dll+0x7bf035]  (no source info available)
C  [ucrtbase.dll+0x37b0]  (no source info available)
C  [KERNEL32.DLL+0x2e8d7]  (no source info available)
C  [ntdll.dll+0x8c3fc]  (no source info available)

Lock stack of current Java thread (top to bottom):


---------------  P R O C E S S  ---------------

Threads class SMR info:
_java_thread_list=0x0000013b1c49a440, length=16, elements={
0x0000013b7a0d0040, 0x0000013b174c5580, 0x0000013b174ca430, 0x0000013b174cb290,
0x0000013b174cdbc0, 0x0000013b174d08c0, 0x0000013b174dba60, 0x0000013b174d6980,
0x0000013b174f19a0, 0x0000013b174fb8a0, 0x0000013b174d4270, 0x0000013b178daba0,
0x0000013b174d9090, 0x0000013b174da800, 0x0000013b174dafd0, 0x0000013b1c499970
}

Java Threads: ( => current thread )
  0x0000013b7a0d0040 JavaThread "main"                              [_thread_blocked, id=10368, stack(0x000000036f300000,0x000000036f400000) (1024K)]
  0x0000013b174c5580 JavaThread "Common-Cleaner"             daemon [_thread_blocked, id=14708, stack(0x000000036fb00000,0x000000036fc00000) (1024K)]
  0x0000013b174ca430 JavaThread "Reference Handler"          daemon [_thread_blocked, id=8864, stack(0x000000036fc00000,0x000000036fd00000) (1024K)]
  0x0000013b174cb290 JavaThread "Finalizer"                  daemon [_thread_blocked, id=2056, stack(0x000000036fd00000,0x000000036fe00000) (1024K)]
  0x0000013b174cdbc0 JavaThread "Signal Dispatcher"          daemon [_thread_blocked, id=16048, stack(0x000000036fe00000,0x000000036ff00000) (1024K)]
  0x0000013b174d08c0 JavaThread "Attach Listener"            daemon [_thread_blocked, id=18128, stack(0x000000036ff00000,0x0000000370000000) (1024K)]
  0x0000013b174dba60 JavaThread "Service Thread"             daemon [_thread_blocked, id=10220, stack(0x0000000370000000,0x0000000370100000) (1024K)]
  0x0000013b174d6980 JavaThread "Monitor Deflation Thread"   daemon [_thread_blocked, id=6512, stack(0x0000000370100000,0x0000000370200000) (1024K)]
=>0x0000013b174f19a0 JavaThread "C2 CompilerThread0"         daemon [_thread_in_native, id=16892, stack(0x0000000370200000,0x0000000370300000) (1024K)]
  0x0000013b174fb8a0 JavaThread "C1 CompilerThread0"         daemon [_thread_blocked, id=15184, stack(0x0000000370300000,0x0000000370400000) (1024K)]
  0x0000013b174d4270 JavaThread "Notification Thread"        daemon [_thread_blocked, id=2116, stack(0x0000000370400000,0x0000000370500000) (1024K)]
  0x0000013b178daba0 JavaThread "C2 CompilerThread1"         daemon [_thread_blocked, id=1712, stack(0x0000000370500000,0x0000000370600000) (1024K)]
  0x0000013b174d9090 JavaThread "HttpClient-1-SelectorManager" daemon [_thread_in_native, id=5196, stack(0x0000000370600000,0x0000000370700000) (1024K)]
  0x0000013b174da800 JavaThread "HttpClient-1-Worker-0"      daemon [_thread_blocked, id=3100, stack(0x0000000370800000,0x0000000370900000) (1024K)]
  0x0000013b174dafd0 JavaThread "HttpClient-1-Worker-1"      daemon [_thread_blocked, id=9404, stack(0x0000000370900000,0x0000000370a00000) (1024K)]
  0x0000013b1c499970 JavaThread "C2 CompilerThread2"         daemon [_thread_blocked, id=2372, stack(0x0000000370a00000,0x0000000370b00000) (1024K)]
Total: 16

Other Threads:
  0x0000013b174b5f40 VMThread "VM Thread"                           [id=4832, stack(0x000000036fa00000,0x000000036fb00000) (1024K)]
  0x0000013b174a39e0 WatcherThread "VM Periodic Task Thread"        [id=11616, stack(0x000000036f900000,0x000000036fa00000) (1024K)]
  0x0000013b7c4b56f0 WorkerThread "GC Thread#0"                     [id=3248, stack(0x000000036f400000,0x000000036f500000) (1024K)]
  0x0000013b7c4ce1c0 ConcurrentGCThread "G1 Main Marker"            [id=15816, stack(0x000000036f500000,0x000000036f600000) (1024K)]
  0x0000013b7c4ced60 WorkerThread "G1 Conc#0"                       [id=2676, stack(0x000000036f600000,0x000000036f700000) (1024K)]
  0x0000013b1736dc00 ConcurrentGCThread "G1 Refine#0"               [id=19056, stack(0x000000036f700000,0x000000036f800000) (1024K)]
  0x0000013b17370720 ConcurrentGCThread "G1 Service"                [id=7240, stack(0x000000036f800000,0x000000036f900000) (1024K)]
Total: 7

Threads with active compile tasks:
C2 CompilerThread0  5066 1008       4       sun.security.ec.ECOperations::setDouble (463 bytes)
Total: 1

VM state: not at safepoint (normal execution)

VM Mutex/Monitor currently owned by a thread: None

Heap address: 0x0000000704000000, size: 4032 MB, Compressed Oops mode: Zero based, Oop shift amount: 3

CDS archive(s) mapped at: [0x0000000098000000-0x0000000099cd0000-0x0000000099cd0000), size 30212096, SharedBaseAddress: 0x0000000098000000, ArchiveRelocationMode: 1.
Compressed class space mapped at: 0x000000009a000000-0x00000000da000000, reserved size: 1073741824
UseCompressedClassPointers 1, UseCompactObjectHeaders 0
Narrow klass pointer bits 32, Max shift 3
Narrow klass base: 0x0000000098000000, Narrow klass shift: 0
Encoding Range: [0x0000000098000000 - 0x0000000198000000), (4294967296 bytes)
Klass Range:    [0x0000000098010000 - 0x00000000da000000), (1107230720 bytes)
Klass ID Range:  [65536 - 1107296249) (1107230713)
Protection zone: [0x0000000098000000 - 0x0000000098010000), (65536 bytes)

GC Precious Log:
 CardTable entry size: 512
 Card Set container configuration: InlinePtr #cards 4 size 8 Array Of Cards #cards 16 size 48 Howl #buckets 8 coarsen threshold 3686 Howl Bitmap #cards 512 size 80 coarsen threshold 460 Card regions per heap region 1 cards per card region 4096
 CPUs: 8 total, 8 available
 Memory: 16126M
 Large Page Support: Disabled
 NUMA Support: Disabled
 Compressed Oops: Enabled (Zero based)
 Heap Region Size: 2M
 Heap Min Capacity: 8M
 Heap Initial Capacity: 252M
 Heap Max Capacity: 4032M
 Pre-touch: Disabled
 Parallel Workers: 8
 Concurrent Workers: 2
 Concurrent Refinement Workers: 8
 Periodic GC: Disabled

Heap:
 garbage-first heap   total reserved 4128768K, committed 262144K, used 16644K [0x0000000704000000, 0x0000000800000000)
  region size 2048K, 8 young (16384K), 0 survivors (0K)

Heap Regions: E=young(eden), S=young(survivor), O=old, HS=humongous(starts), HC=humongous(continues), CS=collection set, F=free, TAMS=top-at-mark-start, PB=parsable bottom
|   0|0x0000000704000000, 0x0000000704000000, 0x0000000704200000|  0%| F|  |TAMS 0x0000000704000000| PB 0x0000000704000000| Untracked |  0
|   1|0x0000000704200000, 0x0000000704200000, 0x0000000704400000|  0%| F|  |TAMS 0x0000000704200000| PB 0x0000000704200000| Untracked |  0
|   2|0x0000000704400000, 0x0000000704400000, 0x0000000704600000|  0%| F|  |TAMS 0x0000000704400000| PB 0x0000000704400000| Untracked |  0
|   3|0x0000000704600000, 0x0000000704600000, 0x0000000704800000|  0%| F|  |TAMS 0x0000000704600000| PB 0x0000000704600000| Untracked |  0
|   4|0x0000000704800000, 0x0000000704800000, 0x0000000704a00000|  0%| F|  |TAMS 0x0000000704800000| PB 0x0000000704800000| Untracked |  0
|   5|0x0000000704a00000, 0x0000000704a00000, 0x0000000704c00000|  0%| F|  |TAMS 0x0000000704a00000| PB 0x0000000704a00000| Untracked |  0
|   6|0x0000000704c00000, 0x0000000704c00000, 0x0000000704e00000|  0%| F|  |TAMS 0x0000000704c00000| PB 0x0000000704c00000| Untracked |  0
|   7|0x0000000704e00000, 0x0000000704e00000, 0x0000000705000000|  0%| F|  |TAMS 0x0000000704e00000| PB 0x0000000704e00000| Untracked |  0
|   8|0x0000000705000000, 0x0000000705000000, 0x0000000705200000|  0%| F|  |TAMS 0x0000000705000000| PB 0x0000000705000000| Untracked |  0
|   9|0x0000000705200000, 0x0000000705200000, 0x0000000705400000|  0%| F|  |TAMS 0x0000000705200000| PB 0x0000000705200000| Untracked |  0
|  10|0x0000000705400000, 0x0000000705400000, 0x0000000705600000|  0%| F|  |TAMS 0x0000000705400000| PB 0x0000000705400000| Untracked |  0
|  11|0x0000000705600000, 0x0000000705600000, 0x0000000705800000|  0%| F|  |TAMS 0x0000000705600000| PB 0x0000000705600000| Untracked |  0
|  12|0x0000000705800000, 0x0000000705800000, 0x0000000705a00000|  0%| F|  |TAMS 0x0000000705800000| PB 0x0000000705800000| Untracked |  0
|  13|0x0000000705a00000, 0x0000000705a00000, 0x0000000705c00000|  0%| F|  |TAMS 0x0000000705a00000| PB 0x0000000705a00000| Untracked |  0
|  14|0x0000000705c00000, 0x0000000705c00000, 0x0000000705e00000|  0%| F|  |TAMS 0x0000000705c00000| PB 0x0000000705c00000| Untracked |  0
|  15|0x0000000705e00000, 0x0000000705e00000, 0x0000000706000000|  0%| F|  |TAMS 0x0000000705e00000| PB 0x0000000705e00000| Untracked |  0
|  16|0x0000000706000000, 0x0000000706000000, 0x0000000706200000|  0%| F|  |TAMS 0x0000000706000000| PB 0x0000000706000000| Untracked |  0
|  17|0x0000000706200000, 0x0000000706200000, 0x0000000706400000|  0%| F|  |TAMS 0x0000000706200000| PB 0x0000000706200000| Untracked |  0
|  18|0x0000000706400000, 0x0000000706400000, 0x0000000706600000|  0%| F|  |TAMS 0x0000000706400000| PB 0x0000000706400000| Untracked |  0
|  19|0x0000000706600000, 0x0000000706600000, 0x0000000706800000|  0%| F|  |TAMS 0x0000000706600000| PB 0x0000000706600000| Untracked |  0
|  20|0x0000000706800000, 0x0000000706800000, 0x0000000706a00000|  0%| F|  |TAMS 0x0000000706800000| PB 0x0000000706800000| Untracked |  0
|  21|0x0000000706a00000, 0x0000000706a00000, 0x0000000706c00000|  0%| F|  |TAMS 0x0000000706a00000| PB 0x0000000706a00000| Untracked |  0
|  22|0x0000000706c00000, 0x0000000706c00000, 0x0000000706e00000|  0%| F|  |TAMS 0x0000000706c00000| PB 0x0000000706c00000| Untracked |  0
|  23|0x0000000706e00000, 0x0000000706e00000, 0x0000000707000000|  0%| F|  |TAMS 0x0000000706e00000| PB 0x0000000706e00000| Untracked |  0
|  24|0x0000000707000000, 0x0000000707000000, 0x0000000707200000|  0%| F|  |TAMS 0x0000000707000000| PB 0x0000000707000000| Untracked |  0
|  25|0x0000000707200000, 0x0000000707200000, 0x0000000707400000|  0%| F|  |TAMS 0x0000000707200000| PB 0x0000000707200000| Untracked |  0
|  26|0x0000000707400000, 0x0000000707400000, 0x0000000707600000|  0%| F|  |TAMS 0x0000000707400000| PB 0x0000000707400000| Untracked |  0
|  27|0x0000000707600000, 0x0000000707600000, 0x0000000707800000|  0%| F|  |TAMS 0x0000000707600000| PB 0x0000000707600000| Untracked |  0
|  28|0x0000000707800000, 0x0000000707800000, 0x0000000707a00000|  0%| F|  |TAMS 0x0000000707800000| PB 0x0000000707800000| Untracked |  0
|  29|0x0000000707a00000, 0x0000000707a00000, 0x0000000707c00000|  0%| F|  |TAMS 0x0000000707a00000| PB 0x0000000707a00000| Untracked |  0
|  30|0x0000000707c00000, 0x0000000707c00000, 0x0000000707e00000|  0%| F|  |TAMS 0x0000000707c00000| PB 0x0000000707c00000| Untracked |  0
|  31|0x0000000707e00000, 0x0000000707e00000, 0x0000000708000000|  0%| F|  |TAMS 0x0000000707e00000| PB 0x0000000707e00000| Untracked |  0
|  32|0x0000000708000000, 0x0000000708000000, 0x0000000708200000|  0%| F|  |TAMS 0x0000000708000000| PB 0x0000000708000000| Untracked |  0
|  33|0x0000000708200000, 0x0000000708200000, 0x0000000708400000|  0%| F|  |TAMS 0x0000000708200000| PB 0x0000000708200000| Untracked |  0
|  34|0x0000000708400000, 0x0000000708400000, 0x0000000708600000|  0%| F|  |TAMS 0x0000000708400000| PB 0x0000000708400000| Untracked |  0
|  35|0x0000000708600000, 0x0000000708600000, 0x0000000708800000|  0%| F|  |TAMS 0x0000000708600000| PB 0x0000000708600000| Untracked |  0
|  36|0x0000000708800000, 0x0000000708800000, 0x0000000708a00000|  0%| F|  |TAMS 0x0000000708800000| PB 0x0000000708800000| Untracked |  0
|  37|0x0000000708a00000, 0x0000000708a00000, 0x0000000708c00000|  0%| F|  |TAMS 0x0000000708a00000| PB 0x0000000708a00000| Untracked |  0
|  38|0x0000000708c00000, 0x0000000708c00000, 0x0000000708e00000|  0%| F|  |TAMS 0x0000000708c00000| PB 0x0000000708c00000| Untracked |  0
|  39|0x0000000708e00000, 0x0000000708e00000, 0x0000000709000000|  0%| F|  |TAMS 0x0000000708e00000| PB 0x0000000708e00000| Untracked |  0
|  40|0x0000000709000000, 0x0000000709000000, 0x0000000709200000|  0%| F|  |TAMS 0x0000000709000000| PB 0x0000000709000000| Untracked |  0
|  41|0x0000000709200000, 0x0000000709200000, 0x0000000709400000|  0%| F|  |TAMS 0x0000000709200000| PB 0x0000000709200000| Untracked |  0
|  42|0x0000000709400000, 0x0000000709400000, 0x0000000709600000|  0%| F|  |TAMS 0x0000000709400000| PB 0x0000000709400000| Untracked |  0
|  43|0x0000000709600000, 0x0000000709600000, 0x0000000709800000|  0%| F|  |TAMS 0x0000000709600000| PB 0x0000000709600000| Untracked |  0
|  44|0x0000000709800000, 0x0000000709800000, 0x0000000709a00000|  0%| F|  |TAMS 0x0000000709800000| PB 0x0000000709800000| Untracked |  0
|  45|0x0000000709a00000, 0x0000000709a00000, 0x0000000709c00000|  0%| F|  |TAMS 0x0000000709a00000| PB 0x0000000709a00000| Untracked |  0
|  46|0x0000000709c00000, 0x0000000709c00000, 0x0000000709e00000|  0%| F|  |TAMS 0x0000000709c00000| PB 0x0000000709c00000| Untracked |  0
|  47|0x0000000709e00000, 0x0000000709e00000, 0x000000070a000000|  0%| F|  |TAMS 0x0000000709e00000| PB 0x0000000709e00000| Untracked |  0
|  48|0x000000070a000000, 0x000000070a000000, 0x000000070a200000|  0%| F|  |TAMS 0x000000070a000000| PB 0x000000070a000000| Untracked |  0
|  49|0x000000070a200000, 0x000000070a200000, 0x000000070a400000|  0%| F|  |TAMS 0x000000070a200000| PB 0x000000070a200000| Untracked |  0
|  50|0x000000070a400000, 0x000000070a400000, 0x000000070a600000|  0%| F|  |TAMS 0x000000070a400000| PB 0x000000070a400000| Untracked |  0
|  51|0x000000070a600000, 0x000000070a600000, 0x000000070a800000|  0%| F|  |TAMS 0x000000070a600000| PB 0x000000070a600000| Untracked |  0
|  52|0x000000070a800000, 0x000000070a800000, 0x000000070aa00000|  0%| F|  |TAMS 0x000000070a800000| PB 0x000000070a800000| Untracked |  0
|  53|0x000000070aa00000, 0x000000070aa00000, 0x000000070ac00000|  0%| F|  |TAMS 0x000000070aa00000| PB 0x000000070aa00000| Untracked |  0
|  54|0x000000070ac00000, 0x000000070ac00000, 0x000000070ae00000|  0%| F|  |TAMS 0x000000070ac00000| PB 0x000000070ac00000| Untracked |  0
|  55|0x000000070ae00000, 0x000000070ae00000, 0x000000070b000000|  0%| F|  |TAMS 0x000000070ae00000| PB 0x000000070ae00000| Untracked |  0
|  56|0x000000070b000000, 0x000000070b000000, 0x000000070b200000|  0%| F|  |TAMS 0x000000070b000000| PB 0x000000070b000000| Untracked |  0
|  57|0x000000070b200000, 0x000000070b200000, 0x000000070b400000|  0%| F|  |TAMS 0x000000070b200000| PB 0x000000070b200000| Untracked |  0
|  58|0x000000070b400000, 0x000000070b400000, 0x000000070b600000|  0%| F|  |TAMS 0x000000070b400000| PB 0x000000070b400000| Untracked |  0
|  59|0x000000070b600000, 0x000000070b600000, 0x000000070b800000|  0%| F|  |TAMS 0x000000070b600000| PB 0x000000070b600000| Untracked |  0
|  60|0x000000070b800000, 0x000000070b800000, 0x000000070ba00000|  0%| F|  |TAMS 0x000000070b800000| PB 0x000000070b800000| Untracked |  0
|  61|0x000000070ba00000, 0x000000070ba00000, 0x000000070bc00000|  0%| F|  |TAMS 0x000000070ba00000| PB 0x000000070ba00000| Untracked |  0
|  62|0x000000070bc00000, 0x000000070bc00000, 0x000000070be00000|  0%| F|  |TAMS 0x000000070bc00000| PB 0x000000070bc00000| Untracked |  0
|  63|0x000000070be00000, 0x000000070be00000, 0x000000070c000000|  0%| F|  |TAMS 0x000000070be00000| PB 0x000000070be00000| Untracked |  0
|  64|0x000000070c000000, 0x000000070c000000, 0x000000070c200000|  0%| F|  |TAMS 0x000000070c000000| PB 0x000000070c000000| Untracked |  0
|  65|0x000000070c200000, 0x000000070c200000, 0x000000070c400000|  0%| F|  |TAMS 0x000000070c200000| PB 0x000000070c200000| Untracked |  0
|  66|0x000000070c400000, 0x000000070c400000, 0x000000070c600000|  0%| F|  |TAMS 0x000000070c400000| PB 0x000000070c400000| Untracked |  0
|  67|0x000000070c600000, 0x000000070c600000, 0x000000070c800000|  0%| F|  |TAMS 0x000000070c600000| PB 0x000000070c600000| Untracked |  0
|  68|0x000000070c800000, 0x000000070c800000, 0x000000070ca00000|  0%| F|  |TAMS 0x000000070c800000| PB 0x000000070c800000| Untracked |  0
|  69|0x000000070ca00000, 0x000000070ca00000, 0x000000070cc00000|  0%| F|  |TAMS 0x000000070ca00000| PB 0x000000070ca00000| Untracked |  0
|  70|0x000000070cc00000, 0x000000070cc00000, 0x000000070ce00000|  0%| F|  |TAMS 0x000000070cc00000| PB 0x000000070cc00000| Untracked |  0
|  71|0x000000070ce00000, 0x000000070ce00000, 0x000000070d000000|  0%| F|  |TAMS 0x000000070ce00000| PB 0x000000070ce00000| Untracked |  0
|  72|0x000000070d000000, 0x000000070d000000, 0x000000070d200000|  0%| F|  |TAMS 0x000000070d000000| PB 0x000000070d000000| Untracked |  0
|  73|0x000000070d200000, 0x000000070d200000, 0x000000070d400000|  0%| F|  |TAMS 0x000000070d200000| PB 0x000000070d200000| Untracked |  0
|  74|0x000000070d400000, 0x000000070d400000, 0x000000070d600000|  0%| F|  |TAMS 0x000000070d400000| PB 0x000000070d400000| Untracked |  0
|  75|0x000000070d600000, 0x000000070d600000, 0x000000070d800000|  0%| F|  |TAMS 0x000000070d600000| PB 0x000000070d600000| Untracked |  0
|  76|0x000000070d800000, 0x000000070d800000, 0x000000070da00000|  0%| F|  |TAMS 0x000000070d800000| PB 0x000000070d800000| Untracked |  0
|  77|0x000000070da00000, 0x000000070da00000, 0x000000070dc00000|  0%| F|  |TAMS 0x000000070da00000| PB 0x000000070da00000| Untracked |  0
|  78|0x000000070dc00000, 0x000000070dc00000, 0x000000070de00000|  0%| F|  |TAMS 0x000000070dc00000| PB 0x000000070dc00000| Untracked |  0
|  79|0x000000070de00000, 0x000000070de00000, 0x000000070e000000|  0%| F|  |TAMS 0x000000070de00000| PB 0x000000070de00000| Untracked |  0
|  80|0x000000070e000000, 0x000000070e000000, 0x000000070e200000|  0%| F|  |TAMS 0x000000070e000000| PB 0x000000070e000000| Untracked |  0
|  81|0x000000070e200000, 0x000000070e200000, 0x000000070e400000|  0%| F|  |TAMS 0x000000070e200000| PB 0x000000070e200000| Untracked |  0
|  82|0x000000070e400000, 0x000000070e400000, 0x000000070e600000|  0%| F|  |TAMS 0x000000070e400000| PB 0x000000070e400000| Untracked |  0
|  83|0x000000070e600000, 0x000000070e600000, 0x000000070e800000|  0%| F|  |TAMS 0x000000070e600000| PB 0x000000070e600000| Untracked |  0
|  84|0x000000070e800000, 0x000000070e800000, 0x000000070ea00000|  0%| F|  |TAMS 0x000000070e800000| PB 0x000000070e800000| Untracked |  0
|  85|0x000000070ea00000, 0x000000070ea00000, 0x000000070ec00000|  0%| F|  |TAMS 0x000000070ea00000| PB 0x000000070ea00000| Untracked |  0
|  86|0x000000070ec00000, 0x000000070ec00000, 0x000000070ee00000|  0%| F|  |TAMS 0x000000070ec00000| PB 0x000000070ec00000| Untracked |  0
|  87|0x000000070ee00000, 0x000000070ee00000, 0x000000070f000000|  0%| F|  |TAMS 0x000000070ee00000| PB 0x000000070ee00000| Untracked |  0
|  88|0x000000070f000000, 0x000000070f000000, 0x000000070f200000|  0%| F|  |TAMS 0x000000070f000000| PB 0x000000070f000000| Untracked |  0
|  89|0x000000070f200000, 0x000000070f200000, 0x000000070f400000|  0%| F|  |TAMS 0x000000070f200000| PB 0x000000070f200000| Untracked |  0
|  90|0x000000070f400000, 0x000000070f400000, 0x000000070f600000|  0%| F|  |TAMS 0x000000070f400000| PB 0x000000070f400000| Untracked |  0
|  91|0x000000070f600000, 0x000000070f600000, 0x000000070f800000|  0%| F|  |TAMS 0x000000070f600000| PB 0x000000070f600000| Untracked |  0
|  92|0x000000070f800000, 0x000000070f800000, 0x000000070fa00000|  0%| F|  |TAMS 0x000000070f800000| PB 0x000000070f800000| Untracked |  0
|  93|0x000000070fa00000, 0x000000070fa00000, 0x000000070fc00000|  0%| F|  |TAMS 0x000000070fa00000| PB 0x000000070fa00000| Untracked |  0
|  94|0x000000070fc00000, 0x000000070fc00000, 0x000000070fe00000|  0%| F|  |TAMS 0x000000070fc00000| PB 0x000000070fc00000| Untracked |  0
|  95|0x000000070fe00000, 0x000000070fe00000, 0x0000000710000000|  0%| F|  |TAMS 0x000000070fe00000| PB 0x000000070fe00000| Untracked |  0
|  96|0x0000000710000000, 0x0000000710000000, 0x0000000710200000|  0%| F|  |TAMS 0x0000000710000000| PB 0x0000000710000000| Untracked |  0
|  97|0x0000000710200000, 0x0000000710200000, 0x0000000710400000|  0%| F|  |TAMS 0x0000000710200000| PB 0x0000000710200000| Untracked |  0
|  98|0x0000000710400000, 0x0000000710400000, 0x0000000710600000|  0%| F|  |TAMS 0x0000000710400000| PB 0x0000000710400000| Untracked |  0
|  99|0x0000000710600000, 0x0000000710600000, 0x0000000710800000|  0%| F|  |TAMS 0x0000000710600000| PB 0x0000000710600000| Untracked |  0
| 100|0x0000000710800000, 0x0000000710800000, 0x0000000710a00000|  0%| F|  |TAMS 0x0000000710800000| PB 0x0000000710800000| Untracked |  0
| 101|0x0000000710a00000, 0x0000000710a00000, 0x0000000710c00000|  0%| F|  |TAMS 0x0000000710a00000| PB 0x0000000710a00000| Untracked |  0
| 102|0x0000000710c00000, 0x0000000710c00000, 0x0000000710e00000|  0%| F|  |TAMS 0x0000000710c00000| PB 0x0000000710c00000| Untracked |  0
| 103|0x0000000710e00000, 0x0000000710e00000, 0x0000000711000000|  0%| F|  |TAMS 0x0000000710e00000| PB 0x0000000710e00000| Untracked |  0
| 104|0x0000000711000000, 0x0000000711000000, 0x0000000711200000|  0%| F|  |TAMS 0x0000000711000000| PB 0x0000000711000000| Untracked |  0
| 105|0x0000000711200000, 0x0000000711200000, 0x0000000711400000|  0%| F|  |TAMS 0x0000000711200000| PB 0x0000000711200000| Untracked |  0
| 106|0x0000000711400000, 0x0000000711400000, 0x0000000711600000|  0%| F|  |TAMS 0x0000000711400000| PB 0x0000000711400000| Untracked |  0
| 107|0x0000000711600000, 0x0000000711600000, 0x0000000711800000|  0%| F|  |TAMS 0x0000000711600000| PB 0x0000000711600000| Untracked |  0
| 108|0x0000000711800000, 0x0000000711800000, 0x0000000711a00000|  0%| F|  |TAMS 0x0000000711800000| PB 0x0000000711800000| Untracked |  0
| 109|0x0000000711a00000, 0x0000000711a00000, 0x0000000711c00000|  0%| F|  |TAMS 0x0000000711a00000| PB 0x0000000711a00000| Untracked |  0
| 110|0x0000000711c00000, 0x0000000711c00000, 0x0000000711e00000|  0%| F|  |TAMS 0x0000000711c00000| PB 0x0000000711c00000| Untracked |  0
| 111|0x0000000711e00000, 0x0000000711e00000, 0x0000000712000000|  0%| F|  |TAMS 0x0000000711e00000| PB 0x0000000711e00000| Untracked |  0
| 112|0x0000000712000000, 0x0000000712000000, 0x0000000712200000|  0%| F|  |TAMS 0x0000000712000000| PB 0x0000000712000000| Untracked |  0
| 113|0x0000000712200000, 0x0000000712200000, 0x0000000712400000|  0%| F|  |TAMS 0x0000000712200000| PB 0x0000000712200000| Untracked |  0
| 114|0x0000000712400000, 0x0000000712400000, 0x0000000712600000|  0%| F|  |TAMS 0x0000000712400000| PB 0x0000000712400000| Untracked |  0
| 115|0x0000000712600000, 0x0000000712600000, 0x0000000712800000|  0%| F|  |TAMS 0x0000000712600000| PB 0x0000000712600000| Untracked |  0
| 116|0x0000000712800000, 0x0000000712800000, 0x0000000712a00000|  0%| F|  |TAMS 0x0000000712800000| PB 0x0000000712800000| Untracked |  0
| 117|0x0000000712a00000, 0x0000000712a00000, 0x0000000712c00000|  0%| F|  |TAMS 0x0000000712a00000| PB 0x0000000712a00000| Untracked |  0
| 118|0x0000000712c00000, 0x0000000712def890, 0x0000000712e00000| 96%| E|  |TAMS 0x0000000712c00000| PB 0x0000000712c00000| Complete |  0
| 119|0x0000000712e00000, 0x0000000713000000, 0x0000000713000000|100%| E|CS|TAMS 0x0000000712e00000| PB 0x0000000712e00000| Complete |  0
| 120|0x0000000713000000, 0x0000000713200000, 0x0000000713200000|100%| E|CS|TAMS 0x0000000713000000| PB 0x0000000713000000| Complete |  0
| 121|0x0000000713200000, 0x0000000713400000, 0x0000000713400000|100%| E|CS|TAMS 0x0000000713200000| PB 0x0000000713200000| Complete |  0
| 122|0x0000000713400000, 0x0000000713600000, 0x0000000713600000|100%| E|CS|TAMS 0x0000000713400000| PB 0x0000000713400000| Complete |  0
| 123|0x0000000713600000, 0x0000000713800000, 0x0000000713800000|100%| E|CS|TAMS 0x0000000713600000| PB 0x0000000713600000| Complete |  0
| 124|0x0000000713800000, 0x0000000713a00000, 0x0000000713a00000|100%| E|CS|TAMS 0x0000000713800000| PB 0x0000000713800000| Complete |  0
| 125|0x0000000713a00000, 0x0000000713c00000, 0x0000000713c00000|100%| E|CS|TAMS 0x0000000713a00000| PB 0x0000000713a00000| Complete |  0
|2014|0x00000007ffc00000, 0x00000007ffe00000, 0x00000007ffe00000|100%| O|  |TAMS 0x00000007ffc00000| PB 0x00000007ffc00000| Untracked |  0
|2015|0x00000007ffe00000, 0x00000007ffe41038, 0x0000000800000000| 12%| O|  |TAMS 0x00000007ffe00000| PB 0x00000007ffe00000| Untracked |  0

Card table byte_map: [0x0000013b7d020000,0x0000013b7d800000] _byte_map_base: 0x0000013b79800000

Marking Bits: (CMBitMap*) 0x0000013b7c4b5e80
 Bits: [0x0000013b13340000, 0x0000013b17240000)

Polling page: 0x0000013b7a210000

Metaspace:
Metaspace        used 3275K, committed 3520K, reserved 1114112K
 class space     used 387K, committed 512K, reserved 1048576K

Usage:
  Non-class:      2.82 MB used.
      Class:    387.54 KB used.
       Both:      3.20 MB used.

Virtual space:
  Non-class space:       64.00 MB reserved,       2.94 MB (  5%) committed,  1 nodes.
      Class space:        1.00 GB reserved,     512.00 KB ( <1%) committed,  1 nodes.
             Both:        1.06 GB reserved,       3.44 MB ( <1%) committed. 

Chunk freelists:
   Non-Class:  10.55 MB
       Class:  15.48 MB
        Both:  26.03 MB

MaxMetaspaceSize: unlimited
CompressedClassSpaceSize: 1.00 GB
Initial GC threshold: 21.00 MB
Current GC threshold: 21.00 MB
CDS: on
 - commit_granule_bytes: 65536.
 - commit_granule_words: 8192.
 - virtual_space_node_default_size: 8388608.
 - enlarge_chunks_in_place: 1.
UseCompressedClassPointers 1, UseCompactObjectHeaders 0
Narrow klass pointer bits 32, Max shift 3
Narrow klass base: 0x0000000098000000, Narrow klass shift: 0
Encoding Range: [0x0000000098000000 - 0x0000000198000000), (4294967296 bytes)
Klass Range:    [0x0000000098010000 - 0x00000000da000000), (1107230720 bytes)
Klass ID Range:  [65536 - 1107296249) (1107230713)
Protection zone: [0x0000000098000000 - 0x0000000098010000), (65536 bytes)


Internal statistics:

num_allocs_failed_limit: 0.
num_arena_births: 94.
num_arena_deaths: 0.
num_vsnodes_births: 2.
num_vsnodes_deaths: 0.
num_space_committed: 55.
num_space_uncommitted: 0.
num_chunks_returned_to_freelist: 0.
num_chunks_taken_from_freelist: 206.
num_chunk_merges: 0.
num_chunk_splits: 126.
num_chunks_enlarged: 74.
num_inconsistent_stats: 0.

CodeHeap 'non-profiled nmethods': size=120064Kb used=340Kb max_used=340Kb free=119723Kb
 bounds [0x0000013b0be00000, 0x0000013b0c070000, 0x0000013b13340000]
CodeHeap 'profiled nmethods': size=120000Kb used=1501Kb max_used=1501Kb free=118498Kb
 bounds [0x0000013b04340000, 0x0000013b045b0000, 0x0000013b0b870000]
CodeHeap 'non-nmethods': size=5696Kb used=1535Kb max_used=1551Kb free=4160Kb
 bounds [0x0000013b0b870000, 0x0000013b0bae0000, 0x0000013b0be00000]
CodeCache: size=245760Kb, used=3376Kb, max_used=3392Kb, free=242381Kb
 total_blobs=1683, nmethods=1155, adapters=431, full_count=0
Compilation: enabled, stopped_count=0, restarted_count=0

Compilation events (20 events):
Event: 1.767 Thread 0x0000013b174fb8a0 nmethod 1144 0x0000013b044b3f88 code [0x0000013b044b4080, 0x0000013b044b4f38]
Event: 1.767 Thread 0x0000013b174fb8a0 1152       3       jdk.internal.classfile.impl.Util::writeList (28 bytes)
Event: 1.767 Thread 0x0000013b174fb8a0 nmethod 1152 0x0000013b044b4f88 code [0x0000013b044b5080, 0x0000013b044b55d8]
Event: 1.767 Thread 0x0000013b174fb8a0 1148       3       jdk.internal.classfile.impl.BufWriterImpl::bytecodeView (12 bytes)
Event: 1.767 Thread 0x0000013b174fb8a0 nmethod 1148 0x0000013b044b5608 code [0x0000013b044b5700, 0x0000013b044b5a50]
Event: 1.767 Thread 0x0000013b174fb8a0 1149       3       jdk.internal.classfile.impl.ClassFileImpl::patchDeadCode (23 bytes)
Event: 1.767 Thread 0x0000013b174fb8a0 nmethod 1149 0x0000013b044b5a88 code [0x0000013b044b5b80, 0x0000013b044b5d70]
Event: 1.767 Thread 0x0000013b174fb8a0 1150   !   3       jdk.internal.classfile.impl.DirectCodeBuilder$4::tryGenerateStackMaps (48 bytes)
Event: 1.767 Thread 0x0000013b174fb8a0 nmethod 1150 0x0000013b044b5d88 code [0x0000013b044b5e80, 0x0000013b044b6270]
Event: 1.767 Thread 0x0000013b174fb8a0 1151       3       java.lang.invoke.InnerClassLambdaMetafactory::argName (38 bytes)
Event: 1.767 Thread 0x0000013b174fb8a0 nmethod 1151 0x0000013b044b6288 code [0x0000013b044b6380, 0x0000013b044b6ae0]
Event: 1.767 Thread 0x0000013b174fb8a0 1153       3       jdk.internal.classfile.impl.BufWriterImpl::copyTo (15 bytes)
Event: 1.768 Thread 0x0000013b174fb8a0 nmethod 1153 0x0000013b044b6b08 code [0x0000013b044b6c00, 0x0000013b044b6e68]
Event: 1.769 Thread 0x0000013b174fb8a0 1154       1       java.util.concurrent.atomic.AtomicInteger::get (5 bytes)
Event: 1.769 Thread 0x0000013b174fb8a0 nmethod 1154 0x0000013b0be54208 code [0x0000013b0be54300, 0x0000013b0be543c8]
Event: 1.769 Thread 0x0000013b174fb8a0 1155       3       java.util.stream.AbstractPipeline::isParallel (8 bytes)
Event: 1.769 Thread 0x0000013b174fb8a0 nmethod 1155 0x0000013b044b6e88 code [0x0000013b044b6f80, 0x0000013b044b7098]
Event: 1.770 Thread 0x0000013b174fb8a0 1156       3       java.lang.invoke.MethodHandleNatives::refKindHasReceiver (33 bytes)
Event: 1.770 Thread 0x0000013b174fb8a0 nmethod 1156 0x0000013b044b7188 code [0x0000013b044b7280, 0x0000013b044b73c8]
Event: 1.772 Thread 0x0000013b178daba0 nmethod 1140 0x0000013b0be54508 code [0x0000013b0be54620, 0x0000013b0be55188]

GC Heap Usage History (0 events):
No events

Metaspace Usage History (0 events):
No events

Dll operation events (2 events):
Event: 0.008 Loaded shared library C:\Program Files\JetBrains\WebStorm 2026.1\jbr\bin\java.dll
Event: 1.474 Loaded shared library C:\Program Files\JetBrains\WebStorm 2026.1\jbr\bin\zip.dll

Deoptimization events (20 events):
Event: 1.729 Thread 0x0000013b174da800 Uncommon trap: trap_request=0xffffff5e fr.pc=0x0000013b0be48ae4 relative=0x00000000000001e4
Event: 1.729 Thread 0x0000013b174da800 Uncommon trap: reason=speculate_class_check action=maybe_recompile pc=0x0000013b0be48ae4 method=sun.security.util.math.intpoly.IntegerPolynomial.multByInt([JJ)V @ 26 c2
Event: 1.729 Thread 0x0000013b174da800 DEOPT PACKING pc=0x0000013b0be48ae4 sp=0x00000003708fe400
Event: 1.729 Thread 0x0000013b174da800 DEOPT UNPACKING pc=0x0000013b0b9a0782 sp=0x00000003708fe310 mode 2
Event: 1.729 Thread 0x0000013b174da800 Uncommon trap: trap_request=0xffffffde fr.pc=0x0000013b0be47244 relative=0x0000000000000144
Event: 1.729 Thread 0x0000013b174da800 Uncommon trap: reason=class_check action=maybe_recompile pc=0x0000013b0be47244 method=sun.security.util.math.intpoly.IntegerPolynomial.multByInt([JJ)V @ 26 c2
Event: 1.729 Thread 0x0000013b174da800 DEOPT PACKING pc=0x0000013b0be47244 sp=0x00000003708fe370
Event: 1.729 Thread 0x0000013b174da800 DEOPT UNPACKING pc=0x0000013b0b9a0782 sp=0x00000003708fe310 mode 2
Event: 1.729 Thread 0x0000013b174da800 Uncommon trap: trap_request=0xffffffde fr.pc=0x0000013b0be47244 relative=0x0000000000000144
Event: 1.729 Thread 0x0000013b174da800 Uncommon trap: reason=class_check action=maybe_recompile pc=0x0000013b0be47244 method=sun.security.util.math.intpoly.IntegerPolynomial.multByInt([JJ)V @ 26 c2
Event: 1.729 Thread 0x0000013b174da800 DEOPT PACKING pc=0x0000013b0be47244 sp=0x00000003708fe370
Event: 1.729 Thread 0x0000013b174da800 DEOPT UNPACKING pc=0x0000013b0b9a0782 sp=0x00000003708fe310 mode 2
Event: 1.729 Thread 0x0000013b174da800 Uncommon trap: trap_request=0xffffffde fr.pc=0x0000013b0be47244 relative=0x0000000000000144
Event: 1.729 Thread 0x0000013b174da800 Uncommon trap: reason=class_check action=maybe_recompile pc=0x0000013b0be47244 method=sun.security.util.math.intpoly.IntegerPolynomial.multByInt([JJ)V @ 26 c2
Event: 1.729 Thread 0x0000013b174da800 DEOPT PACKING pc=0x0000013b0be47244 sp=0x00000003708fe370
Event: 1.729 Thread 0x0000013b174da800 DEOPT UNPACKING pc=0x0000013b0b9a0782 sp=0x00000003708fe310 mode 2
Event: 1.729 Thread 0x0000013b174da800 Uncommon trap: trap_request=0xffffffde fr.pc=0x0000013b0be47244 relative=0x0000000000000144
Event: 1.729 Thread 0x0000013b174da800 Uncommon trap: reason=class_check action=maybe_recompile pc=0x0000013b0be47244 method=sun.security.util.math.intpoly.IntegerPolynomial.multByInt([JJ)V @ 26 c2
Event: 1.729 Thread 0x0000013b174da800 DEOPT PACKING pc=0x0000013b0be47244 sp=0x00000003708fe370
Event: 1.729 Thread 0x0000013b174da800 DEOPT UNPACKING pc=0x0000013b0b9a0782 sp=0x00000003708fe310 mode 2

Classes loaded (20 events):
Event: 1.730 Loading class com/sun/crypto/provider/HKDFKeyDerivation done
Event: 1.730 Loading class com/sun/crypto/provider/HKDFKeyDerivation$HKDFSHA256 done
Event: 1.730 Loading class com/sun/crypto/provider/HKDFKeyDerivation$SupportedHmac
Event: 1.730 Loading class com/sun/crypto/provider/HKDFKeyDerivation$SupportedHmac done
Event: 1.730 Loading class javax/crypto/KDF$Delegate
Event: 1.730 Loading class javax/crypto/KDF$Delegate done
Event: 1.730 Loading class javax/crypto/spec/HKDFParameterSpec
Event: 1.730 Loading class javax/crypto/spec/HKDFParameterSpec done
Event: 1.730 Loading class javax/crypto/spec/HKDFParameterSpec$Builder
Event: 1.730 Loading class javax/crypto/spec/HKDFParameterSpec$Builder done
Event: 1.730 Loading class javax/crypto/spec/HKDFParameterSpec$Extract
Event: 1.731 Loading class javax/crypto/spec/HKDFParameterSpec$Extract done
Event: 1.731 Loading class javax/crypto/spec/HKDFParameterSpec$Expand
Event: 1.732 Loading class javax/crypto/spec/HKDFParameterSpec$Expand done
Event: 1.735 Loading class com/sun/crypto/provider/AEADBufferedStream
Event: 1.736 Loading class com/sun/crypto/provider/AEADBufferedStream done
Event: 1.740 Loading class jdk/internal/event/X509CertificateEvent
Event: 1.740 Loading class jdk/internal/event/X509CertificateEvent done
Event: 1.746 Loading class jdk/internal/event/TLSHandshakeEvent
Event: 1.746 Loading class jdk/internal/event/TLSHandshakeEvent done

Classes unloaded (0 events):
No events

Classes redefined (0 events):
No events

Internal exceptions (19 events):
Event: 1.485 Thread 0x0000013b7a0d0040 Exception <a 'sun/nio/fs/WindowsException'{0x000000071396a338}> (0x000000071396a338) 
thrown [s\src\hotspot\share\prims\jni.cpp, line 535]
Event: 1.531 Thread 0x0000013b7a0d0040 Exception <a 'java/lang/NoSuchMethodError'{0x00000007136e5650}: 'java.lang.Object java.lang.invoke.DirectMethodHandle$Holder.invokeStaticInit(java.lang.Object, java.lang.Object, int, int, int, int)'> (0x00000007136e5650) 
thrown [s\src\hotspot\share\interpreter\linkResolver.cpp, line 815]
Event: 1.548 Thread 0x0000013b7a0d0040 Exception <a 'java/lang/NoSuchMethodError'{0x0000000713772fc0}: 'int java.lang.invoke.DirectMethodHandle$Holder.invokeSpecialIFC(java.lang.Object, java.lang.Object, java.lang.Object)'> (0x0000000713772fc0) 
thrown [s\src\hotspot\share\interpreter\linkResolver.cpp, line 815]
Event: 1.566 Thread 0x0000013b7a0d0040 Exception <a 'java/lang/NoSuchMethodError'{0x000000071346c9c8}: 'long java.lang.invoke.DirectMethodHandle$Holder.invokeSpecial(java.lang.Object, java.lang.Object)'> (0x000000071346c9c8) 
thrown [s\src\hotspot\share\interpreter\linkResolver.cpp, line 815]
Event: 1.568 Thread 0x0000013b7a0d0040 Exception <a 'java/lang/NoSuchMethodError'{0x00000007134838d8}: 'int java.lang.invoke.DirectMethodHandle$Holder.invokeStatic(java.lang.Object, java.lang.Object, java.lang.Object, java.lang.Object)'> (0x00000007134838d8) 
thrown [s\src\hotspot\share\interpreter\linkResolver.cpp, line 815]
Event: 1.615 Thread 0x0000013b7a0d0040 Exception <a 'java/lang/NoSuchMethodError'{0x00000007135cff00}: 'java.lang.Object java.lang.invoke.DirectMethodHandle$Holder.newInvokeSpecial(java.lang.Object, java.lang.Object, java.lang.Object, java.lang.Object, java.lang.Object)'> (0x00000007135cff00) 
thrown [s\src\hotspot\share\interpreter\linkResolver.cpp, line 815]
Event: 1.632 Thread 0x0000013b7a0d0040 Exception <a 'java/lang/NoSuchMethodError'{0x00000007132b7c10}: 'java.lang.Object java.lang.invoke.DirectMethodHandle$Holder.invokeSpecial(java.lang.Object, java.lang.Object, java.lang.Object, java.lang.Object, java.lang.Object, int)'> (0x00000007132b7c10) 
thrown [s\src\hotspot\share\interpreter\linkResolver.cpp, line 815]
Event: 1.633 Thread 0x0000013b7a0d0040 Exception <a 'java/lang/NoSuchMethodError'{0x00000007132c8458}: 'java.lang.Object java.lang.invoke.Invokers$Holder.linkToTargetMethod(java.lang.Object, java.lang.Object, int, java.lang.Object)'> (0x00000007132c8458) 
thrown [s\src\hotspot\share\interpreter\linkResolver.cpp, line 815]
Event: 1.636 Thread 0x0000013b7a0d0040 Exception <a 'java/lang/NoSuchMethodError'{0x00000007132ea438}: 'void java.lang.invoke.DirectMethodHandle$Holder.invokeSpecial(java.lang.Object, java.lang.Object, java.lang.Object)'> (0x00000007132ea438) 
thrown [s\src\hotspot\share\interpreter\linkResolver.cpp, line 815]
Event: 1.646 Thread 0x0000013b174d9090 Exception <a 'java/lang/NoSuchMethodError'{0x0000000713000198}: 'int java.lang.invoke.DirectMethodHandle$Holder.invokeStatic(java.lang.Object, int, java.lang.Object)'> (0x0000000713000198) 
thrown [s\src\hotspot\share\interpreter\linkResolver.cpp, line 815]
Event: 1.647 Thread 0x0000013b174d9090 Exception <a 'java/lang/NoSuchMethodError'{0x00000007130176a0}: 'void java.lang.invoke.DirectMethodHandle$Holder.invokeStatic(java.lang.Object, java.lang.Object, int)'> (0x00000007130176a0) 
thrown [s\src\hotspot\share\interpreter\linkResolver.cpp, line 815]
Event: 1.648 Thread 0x0000013b174d9090 Exception <a 'java/lang/NoSuchMethodError'{0x00000007130269c0}: 'java.lang.Object java.lang.invoke.DirectMethodHandle$Holder.newInvokeSpecial(java.lang.Object, java.lang.Object, int)'> (0x00000007130269c0) 
thrown [s\src\hotspot\share\interpreter\linkResolver.cpp, line 815]
Event: 1.650 Thread 0x0000013b7a0d0040 Exception <a 'java/lang/NoSuchMethodError'{0x00000007133b1828}: 'void java.lang.invoke.DirectMethodHandle$Holder.invokeSpecial(java.lang.Object, java.lang.Object, java.lang.Object, java.lang.Object, java.lang.Object)'> (0x00000007133b1828) 
thrown [s\src\hotspot\share\interpreter\linkResolver.cpp, line 815]
Event: 1.653 Thread 0x0000013b174da800 Exception <a 'java/lang/NoSuchMethodError'{0x0000000713103750}: 'void java.lang.invoke.DirectMethodHandle$Holder.invokeInterface(java.lang.Object, java.lang.Object, java.lang.Object)'> (0x0000000713103750) 
thrown [s\src\hotspot\share\interpreter\linkResolver.cpp, line 815]
Event: 1.663 Thread 0x0000013b174da800 Exception <a 'java/lang/NoSuchMethodError'{0x000000071318fe48}: 'long java.lang.invoke.DirectMethodHandle$Holder.invokeStatic(java.lang.Object, long, long)'> (0x000000071318fe48) 
thrown [s\src\hotspot\share\interpreter\linkResolver.cpp, line 815]
Event: 1.663 Thread 0x0000013b174d9090 Exception <a 'java/lang/NoSuchMethodError'{0x0000000713064598}: 'long java.lang.invoke.DirectMethodHandle$Holder.invokeStatic(java.lang.Object, long, long)'> (0x0000000713064598) 
thrown [s\src\hotspot\share\interpreter\linkResolver.cpp, line 815]
Event: 1.719 Thread 0x0000013b174da800 Exception <a 'java/lang/NoSuchMethodError'{0x0000000712f309e0}: 'void java.lang.invoke.DirectMethodHandle$Holder.invokeInterface(java.lang.Object, java.lang.Object)'> (0x0000000712f309e0) 
thrown [s\src\hotspot\share\interpreter\linkResolver.cpp, line 815]
Event: 1.724 Thread 0x0000013b174da800 Exception <a 'java/lang/NoSuchMethodError'{0x0000000712f742c8}: 'java.lang.Object java.lang.invoke.Invokers$Holder.invoke_MT(java.lang.Object, java.lang.Object, java.lang.Object, java.lang.Object, java.lang.Object, java.lang.Object)'> (0x0000000712f742c8) 
thrown [s\src\hotspot\share\interpreter\linkResolver.cpp, line 815]
Event: 1.747 Thread 0x0000013b174da800 Exception <a 'java/lang/NoSuchMethodError'{0x0000000712c2ae60}: 'void java.lang.invoke.DirectMethodHandle$Holder.invokeStatic(java.lang.Object, java.lang.Object, java.lang.Object, java.lang.Object)'> (0x0000000712c2ae60) 
thrown [s\src\hotspot\share\interpreter\linkResolver.cpp, line 815]

VM Operations (2 events):
Event: 1.513 Executing non-safepoint VM operation: HandshakeAllThreads (Deoptimize)
Event: 1.513 Executing non-safepoint VM operation: HandshakeAllThreads (Deoptimize) done

Memory protections (0 events):
No events

Nmethod flushes (0 events):
No events

Events (20 events):
Event: 1.426 Thread 0x0000013b7a0d0040 Thread added: 0x0000013b174ca430
Event: 1.426 Thread 0x0000013b7a0d0040 Thread added: 0x0000013b174cb290
Event: 1.426 Thread 0x0000013b7a0d0040 Thread added: 0x0000013b174cdbc0
Event: 1.426 Thread 0x0000013b7a0d0040 Thread added: 0x0000013b174d08c0
Event: 1.426 Thread 0x0000013b7a0d0040 Thread added: 0x0000013b174dba60
Event: 1.426 Thread 0x0000013b7a0d0040 Thread added: 0x0000013b174d6980
Event: 1.427 Thread 0x0000013b7a0d0040 Thread added: 0x0000013b174f19a0
Event: 1.427 Thread 0x0000013b7a0d0040 Thread added: 0x0000013b174fb8a0
Event: 1.439 Thread 0x0000013b7a0d0040 Thread added: 0x0000013b174d4270
Event: 1.442 Loaded shared library C:\Program Files\JetBrains\WebStorm 2026.1\jbr\bin\net.dll
Event: 1.444 Loaded shared library C:\Program Files\JetBrains\WebStorm 2026.1\jbr\bin\nio.dll
Event: 1.447 Loaded shared library C:\Program Files\JetBrains\WebStorm 2026.1\jbr\bin\zip.dll
Event: 1.491 Loaded shared library C:\Program Files\JetBrains\WebStorm 2026.1\jbr\bin\jimage.dll
Event: 1.525 Thread 0x0000013b174fb8a0 Thread added: 0x0000013b178daba0
Event: 1.587 Loaded shared library C:\Program Files\JetBrains\WebStorm 2026.1\jbr\bin\sunmscapi.dll
Event: 1.606 Loaded shared library C:\Program Files\JetBrains\WebStorm 2026.1\jbr\bin\extnet.dll
Event: 1.611 Thread 0x0000013b7a0d0040 Thread added: 0x0000013b174d9090
Event: 1.652 Thread 0x0000013b174d9090 Thread added: 0x0000013b174da800
Event: 1.664 Thread 0x0000013b174d9090 Thread added: 0x0000013b174dafd0
Event: 1.690 Thread 0x0000013b178daba0 Thread added: 0x0000013b1c499970


Dynamic libraries:
0x00007ff7f4710000 - 0x00007ff7f471a000 	C:\Program Files\JetBrains\WebStorm 2026.1\jbr\bin\java.exe
0x00007ffc650c0000 - 0x00007ffc65327000 	C:\WINDOWS\SYSTEM32\ntdll.dll
0x00007ffc637e0000 - 0x00007ffc638a9000 	C:\WINDOWS\System32\KERNEL32.DLL
0x00007ffc62a50000 - 0x00007ffc62e44000 	C:\WINDOWS\System32\KERNELBASE.dll
0x00007ffc61a40000 - 0x00007ffc61b8b000 	C:\WINDOWS\System32\ucrtbase.dll
0x00007ffc53010000 - 0x00007ffc5302e000 	C:\Program Files\JetBrains\WebStorm 2026.1\jbr\bin\VCRUNTIME140.dll
0x00007ffc301b0000 - 0x00007ffc301c7000 	C:\Program Files\JetBrains\WebStorm 2026.1\jbr\bin\jli.dll
0x00007ffc64c00000 - 0x00007ffc64dc5000 	C:\WINDOWS\System32\USER32.dll
0x00007ffc62060000 - 0x00007ffc62087000 	C:\WINDOWS\System32\win32u.dll
0x00007ffc50440000 - 0x00007ffc506d3000 	C:\WINDOWS\WinSxS\amd64_microsoft.windows.common-controls_6595b64144ccf1df_6.0.26100.8115_none_3e075c82e3354f9c\COMCTL32.dll
0x00007ffc63960000 - 0x00007ffc6398b000 	C:\WINDOWS\System32\GDI32.dll
0x00007ffc64100000 - 0x00007ffc641a9000 	C:\WINDOWS\System32\msvcrt.dll
0x00007ffc61b90000 - 0x00007ffc61cbb000 	C:\WINDOWS\System32\gdi32full.dll
0x00007ffc61cc0000 - 0x00007ffc61d63000 	C:\WINDOWS\System32\msvcp_win.dll
0x00007ffc63350000 - 0x00007ffc63382000 	C:\WINDOWS\System32\IMM32.DLL
0x00007ffc59050000 - 0x00007ffc5905c000 	C:\Program Files\JetBrains\WebStorm 2026.1\jbr\bin\vcruntime140_1.dll
0x00007ffbf4b10000 - 0x00007ffbf4b99000 	C:\Program Files\JetBrains\WebStorm 2026.1\jbr\bin\msvcp140.dll
0x00007ffbb9540000 - 0x00007ffbba492000 	C:\Program Files\JetBrains\WebStorm 2026.1\jbr\bin\server\jvm.dll
0x00007ffc64f30000 - 0x00007ffc64fe6000 	C:\WINDOWS\System32\ADVAPI32.dll
0x00007ffc638b0000 - 0x00007ffc63957000 	C:\WINDOWS\System32\sechost.dll
0x00007ffc631b0000 - 0x00007ffc632c8000 	C:\WINDOWS\System32\RPCRT4.dll
0x00007ffc64ff0000 - 0x00007ffc65070000 	C:\WINDOWS\System32\WS2_32.dll
0x00007ffc617f0000 - 0x00007ffc6184e000 	C:\WINDOWS\SYSTEM32\POWRPROF.dll
0x00007ffc54500000 - 0x00007ffc5450b000 	C:\WINDOWS\SYSTEM32\VERSION.dll
0x00007ffc25170000 - 0x00007ffc251a6000 	C:\WINDOWS\SYSTEM32\WINMM.dll
0x00007ffc617d0000 - 0x00007ffc617e4000 	C:\WINDOWS\SYSTEM32\UMPDC.dll
0x00007ffc60720000 - 0x00007ffc6073b000 	C:\WINDOWS\SYSTEM32\kernel.appcore.dll
0x00007ffc53000000 - 0x00007ffc5300a000 	C:\Program Files\JetBrains\WebStorm 2026.1\jbr\bin\jimage.dll
0x00007ffc5f390000 - 0x00007ffc5f5d2000 	C:\WINDOWS\SYSTEM32\DBGHELP.DLL
0x00007ffc641b0000 - 0x00007ffc64532000 	C:\WINDOWS\System32\combase.dll
0x00007ffc63570000 - 0x00007ffc63648000 	C:\WINDOWS\System32\OLEAUT32.dll
0x00007ffc24190000 - 0x00007ffc241cb000 	C:\WINDOWS\SYSTEM32\dbgcore.DLL
0x00007ffc61990000 - 0x00007ffc61a35000 	C:\WINDOWS\System32\bcryptPrimitives.dll
0x00007ffc37130000 - 0x00007ffc3714f000 	C:\Program Files\JetBrains\WebStorm 2026.1\jbr\bin\java.dll
0x00007ffc64540000 - 0x00007ffc646d7000 	C:\WINDOWS\System32\ole32.dll
0x00007ffc63990000 - 0x00007ffc640f7000 	C:\WINDOWS\System32\SHELL32.dll
0x00007ffc61d70000 - 0x00007ffc61eda000 	C:\WINDOWS\System32\wintypes.dll
0x00007ffc62090000 - 0x00007ffc628f8000 	C:\WINDOWS\System32\windows.storage.dll
0x00007ffc63400000 - 0x00007ffc634f8000 	C:\WINDOWS\System32\SHCORE.dll
0x00007ffc63390000 - 0x00007ffc633f6000 	C:\WINDOWS\System32\shlwapi.dll
0x00007ffc618b0000 - 0x00007ffc618d9000 	C:\WINDOWS\SYSTEM32\profapi.dll
0x00007ffc370f0000 - 0x00007ffc37102000 	C:\Program Files\JetBrains\WebStorm 2026.1\jbr\bin\net.dll
0x00007ffc60c90000 - 0x00007ffc60cfc000 	C:\WINDOWS\system32\mswsock.dll
0x00007ffc2f880000 - 0x00007ffc2f896000 	C:\Program Files\JetBrains\WebStorm 2026.1\jbr\bin\nio.dll
0x00007ffc37110000 - 0x00007ffc37127000 	C:\Program Files\JetBrains\WebStorm 2026.1\jbr\bin\zip.dll
0x00007ffc60f70000 - 0x00007ffc60f8b000 	C:\WINDOWS\SYSTEM32\CRYPTSP.dll
0x00007ffc60680000 - 0x00007ffc606b9000 	C:\WINDOWS\system32\rsaenh.dll
0x00007ffc60d40000 - 0x00007ffc60d73000 	C:\WINDOWS\SYSTEM32\USERENV.dll
0x00007ffc61880000 - 0x00007ffc618aa000 	C:\WINDOWS\SYSTEM32\bcrypt.dll
0x00007ffc60f90000 - 0x00007ffc60f9c000 	C:\WINDOWS\SYSTEM32\CRYPTBASE.dll
0x00007ffc60120000 - 0x00007ffc60152000 	C:\WINDOWS\SYSTEM32\IPHLPAPI.DLL
0x00007ffc63500000 - 0x00007ffc6350a000 	C:\WINDOWS\System32\NSI.dll
0x00007ffc4c3c0000 - 0x00007ffc4c3ce000 	C:\Program Files\JetBrains\WebStorm 2026.1\jbr\bin\sunmscapi.dll
0x00007ffc61ee0000 - 0x00007ffc62057000 	C:\WINDOWS\System32\CRYPT32.dll
0x00007ffc61190000 - 0x00007ffc611c0000 	C:\WINDOWS\SYSTEM32\ncrypt.dll
0x00007ffc61140000 - 0x00007ffc6117f000 	C:\WINDOWS\SYSTEM32\NTASN1.dll
0x00007ffbf1ca0000 - 0x00007ffbf1ca8000 	C:\WINDOWS\system32\wshunix.dll
0x00007ffc370e0000 - 0x00007ffc370e9000 	C:\Program Files\JetBrains\WebStorm 2026.1\jbr\bin\extnet.dll

JVMTI agents: none

dbghelp: loaded successfully - version: 4.0.5 - missing functions: none
symbol engine: initialized successfully - sym options: 0x614 - pdb path: .;C:\Program Files\JetBrains\WebStorm 2026.1\jbr\bin;C:\WINDOWS\SYSTEM32;C:\WINDOWS\WinSxS\amd64_microsoft.windows.common-controls_6595b64144ccf1df_6.0.26100.8115_none_3e075c82e3354f9c;C:\Program Files\JetBrains\WebStorm 2026.1\jbr\bin\server

VM Arguments:
java_command: git4idea.http.GitAskPassApp Username for 'https://github.com': 
java_class_path (initial): C:/Program Files/JetBrains/WebStorm 2026.1/plugins/vcs-git/lib/git4idea-rt.jar;C:/Program Files/JetBrains/WebStorm 2026.1/lib/externalProcess-rt.jar
Launcher Type: SUN_STANDARD

[Global flags]
     intx CICompilerCount                          = 4                                         {product} {ergonomic}
     uint ConcGCThreads                            = 2                                         {product} {ergonomic}
     uint G1ConcRefinementThreads                  = 8                                         {product} {ergonomic}
   size_t G1HeapRegionSize                         = 2097152                                   {product} {ergonomic}
   size_t InitialHeapSize                          = 264241152                                 {product} {ergonomic}
   size_t MarkStackSize                            = 4194304                                   {product} {ergonomic}
   size_t MarkStackSizeMax                         = 536870912                                 {product} {ergonomic}
   size_t MaxHeapSize                              = 4227858432                                {product} {ergonomic}
   size_t MaxNewSize                               = 2535456768                                {product} {ergonomic}
   size_t MinHeapDeltaBytes                        = 2097152                                   {product} {ergonomic}
   size_t MinHeapSize                              = 8388608                                   {product} {ergonomic}
    uintx NonNMethodCodeHeapSize                   = 5832704                                {pd product} {ergonomic}
    uintx NonProfiledCodeHeapSize                  = 122945536                              {pd product} {ergonomic}
    uintx ProfiledCodeHeapSize                     = 122880000                              {pd product} {ergonomic}
    uintx ReservedCodeCacheSize                    = 251658240                              {pd product} {ergonomic}
     bool SegmentedCodeCache                       = true                                      {product} {ergonomic}
   size_t SoftMaxHeapSize                          = 4227858432                             {manageable} {ergonomic}
     bool UseCompressedOops                        = true                           {product lp64_product} {ergonomic}
     bool UseG1GC                                  = true                                      {product} {ergonomic}
     bool UseLargePagesIndividualAllocation        = false                                  {pd product} {ergonomic}

Logging:
Log output configuration:
 #0: stdout all=warning uptime,level,tags foldmultilines=false
 #1: stderr all=off uptime,level,tags foldmultilines=false

Release file:
JAVA_VERSION="25.0.2" 
MODULES="java.base java.datatransfer java.xml java.prefs java.desktop gluegen.rt java.compiler java.instrument java.logging java.management java.security.sasl java.naming java.rmi java.management.rmi java.net.http java.scripting java.security.jgss java.transaction.xa java.sql java.sql.rowset java.xml.crypto java.se java.smartcardio jogl.all jcef jdk.accessibility jdk.internal.jvmstat jdk.attach jdk.charsets jdk.internal.opt jdk.zipfs jdk.compiler jdk.crypto.cryptoki jdk.crypto.ec jdk.crypto.mscapi jdk.dynalink jdk.hotspot.agent jdk.httpserver jdk.internal.ed jdk.internal.le jdk.internal.md jdk.internal.vm.ci jdk.javadoc jdk.jcmd jdk.jdwp.agent jdk.jdi jdk.jfr jdk.localedata jdk.management jdk.management.agent jdk.management.jfr jdk.naming.dns jdk.naming.rmi jdk.net jdk.sctp jdk.security.auth jdk.security.jgss jdk.unsupported jdk.unsupported.desktop jdk.xml.dom" 
IMPLEMENTOR="JetBrains s.r.o." 
IMPLEMENTOR_VERSION="JBR-25.0.2+1-329.72-jcef" 
JAVA_RUNTIME_VERSION="25.0.2+1-b329.72" 
LIBC="default" 
OS_ARCH="x86_64" 
OS_NAME="Windows" 
SOURCE=".:git:80f896300e04+ jcef_git:git:4a605f44671a" 
JCEF_VERSION="137.0.17.1131+ga492f5c" 
JCEF_COMMIT_HASH="a492f5c1bbe877d2f58d4b066d0a1c89ab579b84" 
JCEF_VERSION_DETAILED=137.0.17-gf354b0e-chromium-137.0.7151.104-api-1.21-261-b65

Environment Variables:
JAVA_HOME=C:\Program Files\Java\jdk-20
PATH=C:\Program Files\Git\mingw64\libexec\git-core;C:\Program Files\Git\mingw64\libexec\git-core;C:\Program Files\Git\mingw64\bin;C:\Program Files\Git\usr\bin;C:\Users\Shubham\bin;C:\WINDOWS.X64_193000_db_home\bin;C:\oracle19c\product\19.0.0\dslmhome_1\bin;C:\Program Files\Common Files\Oracle\Java\javapath;C:\WINDOWS\system32;C:\WINDOWS;C:\WINDOWS\System32\Wbem;C:\WINDOWS\System32\WindowsPowerShell\v1.0;C:\WINDOWS\System32\OpenSSH;C:\Program Files\dotnet;C:\Program Files\Java\jdk-20\bin;C:\ProgramData\chocolatey\bin;C:\Program Files\MongoDB\Server\7.0\bin;C:\Program Files\kotlinc\bin;C:\Program Files\Git\cmd;C:\Program Files\nodejs;C:\Users\Shubham\AppData\Local\Microsoft\WindowsApps;C:\Users\Shubham\AppData\Local\Programs\Microsoft VS Code\bin;C:\Flutter\flutter\bin;C:\Users\Shubham\AppData\Local\Android\Sdk\platform-tools;C:\Program Files\kotlinc\bin;C:\Program Files\Java\jdk-20\bin;C:\Users\Shubham\AppData\Roaming\npm
USERNAME=Shubham
DISPLAY=:0.0
LC_ALL=en_US.UTF-8
TERM=xterm-256color
TMPDIR=C:\Users\Shubham\AppData\Local\Temp
OS=Windows_NT
PROCESSOR_IDENTIFIER=Intel64 Family 6 Model 140 Stepping 2, GenuineIntel
TMP=C:\Users\Shubham\AppData\Local\Temp
TEMP=C:\Users\Shubham\AppData\Local\Temp




Compilation memory statistics disabled.

Periodic native trim disabled

JNI global refs:
JNI global refs: 19, weak refs: 0

JNI global refs memory usage: 835, weak refs: 201

Process memory usage:
Resident Set Size: 96908K (0% of 16513204K total physical memory with 3896532K free physical memory)

OOME stack traces (most recent first):
Classloader memory used:
Loader bootstrap                                                                       : 1672 K
Loader jdk.internal.loader.ClassLoaders$PlatformClassLoader                            : 1576 K
Loader jdk.internal.loader.ClassLoaders$AppClassLoader                                 : 27392 B

---------------  S Y S T E M  ---------------

OS:
 Windows 11 , 64 bit Build 26100 (10.0.26100.8246)
OS uptime: 0 days 3:26 hours

CPU: total 8 (initial active 8) (4 cores per cpu, 2 threads per core) family 6 model 140 stepping 2 microcode 0x16, cx8, cmov, fxsr, ht, mmx, 3dnowpref, sse, sse2, sse3, ssse3, sse4.1, sse4.2, popcnt, lzcnt, tsc, tscinvbit, avx, avx2, aes, erms, clmul, bmi1, bmi2, adx, avx512f, avx512dq, avx512cd, avx512bw, avx512vl, sha, fma, vzeroupper, avx512_vpopcntdq, avx512_vpclmulqdq, avx512_vaes, avx512_vnni, clflush, clflushopt, clwb, avx512_vbmi2, avx512_vbmi, rdtscp, rdpid, fsrm, gfni, avx512_bitalg, f16c, pku, cet_ibt, cet_ss, avx512_ifma
Processor Information for processor 0
  Max Mhz: 2496, Current Mhz: 2496, Mhz Limit: 2496
Processor Information for processor 1
  Max Mhz: 2496, Current Mhz: 2496, Mhz Limit: 2496
Processor Information for processor 2
  Max Mhz: 2496, Current Mhz: 2496, Mhz Limit: 2496
Processor Information for processor 3
  Max Mhz: 2496, Current Mhz: 2496, Mhz Limit: 2496
Processor Information for processor 4
  Max Mhz: 2496, Current Mhz: 2496, Mhz Limit: 2496
Processor Information for processor 5
  Max Mhz: 2496, Current Mhz: 1198, Mhz Limit: 2496
Processor Information for processor 6
  Max Mhz: 2496, Current Mhz: 1198, Mhz Limit: 2496
Processor Information for processor 7
  Max Mhz: 2496, Current Mhz: 2496, Mhz Limit: 2496

Memory: 4k page, system-wide physical 16126M (3805M free)
TotalPageFile size 16126M (AvailPageFile size 13M)
current process WorkingSet (physical memory assigned to process): 94M, peak: 95M
current process commit charge ("private bytes"): 376M, peak: 389M

vm_info: OpenJDK 64-Bit Server VM (25.0.2+1-b329.72) for windows-amd64 JRE (25.0.2+1-b329.72), built on 2026-03-02 with MS VC++ 17.14 (VS2022)

END.
